2015-01-18 09:21:31 Error: [BadRequestException] The request has been black-holed
Request URL: /rze-web/users/add
Stack Trace:
#0 /var/www/html/rze-web/lib/Cake/Controller/Component/SecurityComponent.php(242): SecurityComponent->blackHole(Object(UsersController), 'csrf')
#1 [internal function]: SecurityComponent->startup(Object(UsersController))
#2 /var/www/html/rze-web/lib/Cake/Utility/ObjectCollection.php(128): call_user_func_array(Array, Array)
#3 [internal function]: ObjectCollection->trigger(Object(CakeEvent))
#4 /var/www/html/rze-web/lib/Cake/Event/CakeEventManager.php(243): call_user_func(Array, Object(CakeEvent))
#5 /var/www/html/rze-web/lib/Cake/Controller/Controller.php(677): CakeEventManager->dispatch(Object(CakeEvent))
#6 /var/www/html/rze-web/lib/Cake/Routing/Dispatcher.php(189): Controller->startupProcess()
#7 /var/www/html/rze-web/lib/Cake/Routing/Dispatcher.php(167): Dispatcher->_invoke(Object(UsersController), Object(CakeRequest))
#8 /var/www/html/rze-web/app/webroot/index.php(118): Dispatcher->dispatch(Object(CakeRequest), Object(CakeResponse))
#9 {main}
2015-01-18 09:29:57 Error: [MissingControllerException] Controller class PluginsController could not be found.
Exception Attributes: array (
  'class' => 'PluginsController',
  'plugin' => NULL,
)
Request URL: /rze-web/plugins/bootstrap/css/bootstrap.min.css
Stack Trace:
#0 /var/www/html/rze-web/app/webroot/index.php(118): Dispatcher->dispatch(Object(CakeRequest), Object(CakeResponse))
#1 {main}
2015-01-18 09:29:57 Error: [MissingControllerException] Controller class PluginsController could not be found.
Exception Attributes: array (
  'class' => 'PluginsController',
  'plugin' => NULL,
)
Request URL: /rze-web/plugins/font-awesome/css/font-awesome.css
Stack Trace:
#0 /var/www/html/rze-web/app/webroot/index.php(118): Dispatcher->dispatch(Object(CakeRequest), Object(CakeResponse))
#1 {main}
2015-01-18 09:29:57 Error: [MissingControllerException] Controller class PluginsController could not be found.
Exception Attributes: array (
  'class' => 'PluginsController',
  'plugin' => NULL,
)
Request URL: /rze-web/plugins/prism/prism.css
Stack Trace:
#0 /var/www/html/rze-web/app/webroot/index.php(118): Dispatcher->dispatch(Object(CakeRequest), Object(CakeResponse))
#1 {main}
2015-01-18 09:29:57 Error: [MissingControllerException] Controller class PluginsController could not be found.
Exception Attributes: array (
  'class' => 'PluginsController',
  'plugin' => NULL,
)
Request URL: /rze-web/plugins/jquery-1.11.1.min.js
Stack Trace:
#0 /var/www/html/rze-web/app/webroot/index.php(118): Dispatcher->dispatch(Object(CakeRequest), Object(CakeResponse))
#1 {main}
2015-01-18 09:29:57 Error: [MissingControllerException] Controller class CssController could not be found.
Exception Attributes: array (
  'class' => 'CssController',
  'plugin' => NULL,
)
Request URL: /rze-web/css/styles.css
Stack Trace:
#0 /var/www/html/rze-web/app/webroot/index.php(118): Dispatcher->dispatch(Object(CakeRequest), Object(CakeResponse))
#1 {main}
2015-01-18 09:29:57 Error: [MissingControllerException] Controller class PluginsController could not be found.
Exception Attributes: array (
  'class' => 'PluginsController',
  'plugin' => NULL,
)
Request URL: /rze-web/plugins/jquery.easing.1.3.js
Stack Trace:
#0 /var/www/html/rze-web/app/webroot/index.php(118): Dispatcher->dispatch(Object(CakeRequest), Object(CakeResponse))
#1 {main}
2015-01-18 09:29:57 Error: [MissingControllerException] Controller class PluginsController could not be found.
Exception Attributes: array (
  'class' => 'PluginsController',
  'plugin' => NULL,
)
Request URL: /rze-web/plugins/bootstrap/js/bootstrap.min.js
Stack Trace:
#0 /var/www/html/rze-web/app/webroot/index.php(118): Dispatcher->dispatch(Object(CakeRequest), Object(CakeResponse))
#1 {main}
2015-01-18 09:29:57 Error: [MissingControllerException] Controller class PluginsController could not be found.
Exception Attributes: array (
  'class' => 'PluginsController',
  'plugin' => NULL,
)
Request URL: /rze-web/plugins/jquery-migrate-1.2.1.min.js
Stack Trace:
#0 /var/www/html/rze-web/app/webroot/index.php(118): Dispatcher->dispatch(Object(CakeRequest), Object(CakeResponse))
#1 {main}
2015-01-18 09:29:57 Error: [MissingControllerException] Controller class PluginsController could not be found.
Exception Attributes: array (
  'class' => 'PluginsController',
  'plugin' => NULL,
)
Request URL: /rze-web/plugins/prism/prism.js
Stack Trace:
#0 /var/www/html/rze-web/app/webroot/index.php(118): Dispatcher->dispatch(Object(CakeRequest), Object(CakeResponse))
#1 {main}
2015-01-18 09:29:57 Error: [MissingControllerException] Controller class PluginsController could not be found.
Exception Attributes: array (
  'class' => 'PluginsController',
  'plugin' => NULL,
)
Request URL: /rze-web/plugins/jquery-scrollTo/jquery.scrollTo.min.js
Stack Trace:
#0 /var/www/html/rze-web/app/webroot/index.php(118): Dispatcher->dispatch(Object(CakeRequest), Object(CakeResponse))
#1 {main}
2015-01-18 09:29:57 Error: [MissingControllerException] Controller class PluginsController could not be found.
Exception Attributes: array (
  'class' => 'PluginsController',
  'plugin' => NULL,
)
Request URL: /rze-web/plugins/jquery-1.11.1.min.js
Stack Trace:
#0 /var/www/html/rze-web/app/webroot/index.php(118): Dispatcher->dispatch(Object(CakeRequest), Object(CakeResponse))
#1 {main}
2015-01-18 09:29:57 Error: [MissingControllerException] Controller class PluginsController could not be found.
Exception Attributes: array (
  'class' => 'PluginsController',
  'plugin' => NULL,
)
Request URL: /rze-web/plugins/jquery-migrate-1.2.1.min.js
Stack Trace:
#0 /var/www/html/rze-web/app/webroot/index.php(118): Dispatcher->dispatch(Object(CakeRequest), Object(CakeResponse))
#1 {main}
2015-01-18 09:29:57 Error: [MissingControllerException] Controller class PluginsController could not be found.
Exception Attributes: array (
  'class' => 'PluginsController',
  'plugin' => NULL,
)
Request URL: /rze-web/plugins/jquery.easing.1.3.js
Stack Trace:
#0 /var/www/html/rze-web/app/webroot/index.php(118): Dispatcher->dispatch(Object(CakeRequest), Object(CakeResponse))
#1 {main}
2015-01-18 09:29:58 Error: [MissingControllerException] Controller class PluginsController could not be found.
Exception Attributes: array (
  'class' => 'PluginsController',
  'plugin' => NULL,
)
Request URL: /rze-web/plugins/bootstrap/js/bootstrap.min.js
Stack Trace:
#0 /var/www/html/rze-web/app/webroot/index.php(118): Dispatcher->dispatch(Object(CakeRequest), Object(CakeResponse))
#1 {main}
2015-01-18 09:29:58 Error: [MissingControllerException] Controller class PluginsController could not be found.
Exception Attributes: array (
  'class' => 'PluginsController',
  'plugin' => NULL,
)
Request URL: /rze-web/plugins/jquery-scrollTo/jquery.scrollTo.min.js
Stack Trace:
#0 /var/www/html/rze-web/app/webroot/index.php(118): Dispatcher->dispatch(Object(CakeRequest), Object(CakeResponse))
#1 {main}
2015-01-18 09:29:58 Error: [MissingControllerException] Controller class PluginsController could not be found.
Exception Attributes: array (
  'class' => 'PluginsController',
  'plugin' => NULL,
)
Request URL: /rze-web/plugins/prism/prism.js
Stack Trace:
#0 /var/www/html/rze-web/app/webroot/index.php(118): Dispatcher->dispatch(Object(CakeRequest), Object(CakeResponse))
#1 {main}
2015-01-18 09:34:30 Error: [MissingControllerException] Controller class UsersController could not be found.
Exception Attributes: array (
  'class' => 'UsersController',
  'plugin' => NULL,
)
Request URL: /rze-web/Users/login
Stack Trace:
#0 /var/www/html/rze-web/app/webroot/index.php(118): Dispatcher->dispatch(Object(CakeRequest), Object(CakeResponse))
#1 {main}
2015-01-18 09:34:31 Error: [MissingControllerException] Controller class UsersController could not be found.
Exception Attributes: array (
  'class' => 'UsersController',
  'plugin' => NULL,
)
Request URL: /rze-web/Users/favicon.ico
Stack Trace:
#0 /var/www/html/rze-web/app/webroot/index.php(118): Dispatcher->dispatch(Object(CakeRequest), Object(CakeResponse))
#1 {main}
2015-01-18 09:34:31 Error: [MissingControllerException] Controller class UsersController could not be found.
Exception Attributes: array (
  'class' => 'UsersController',
  'plugin' => NULL,
)
Request URL: /rze-web/Users/favicon.ico
Stack Trace:
#0 /var/www/html/rze-web/app/webroot/index.php(118): Dispatcher->dispatch(Object(CakeRequest), Object(CakeResponse))
#1 {main}
2015-01-18 09:34:49 Error: [MissingControllerException] Controller class UsersController could not be found.
Exception Attributes: array (
  'class' => 'UsersController',
  'plugin' => NULL,
)
Request URL: /rze-web/Users/login
Stack Trace:
#0 /var/www/html/rze-web/app/webroot/index.php(118): Dispatcher->dispatch(Object(CakeRequest), Object(CakeResponse))
#1 {main}
2015-01-18 09:35:07 Error: [MissingActionException] Action UsersController::favicon.ico() could not be found.
Exception Attributes: array (
  'controller' => 'UsersController',
  'action' => 'favicon.ico',
)
Request URL: /rze-web/users/favicon.ico
Stack Trace:
#0 /var/www/html/rze-web/lib/Cake/Routing/Dispatcher.php(193): Controller->invokeAction(Object(CakeRequest))
#1 /var/www/html/rze-web/lib/Cake/Routing/Dispatcher.php(167): Dispatcher->_invoke(Object(UsersController), Object(CakeRequest))
#2 /var/www/html/rze-web/app/webroot/index.php(118): Dispatcher->dispatch(Object(CakeRequest), Object(CakeResponse))
#3 {main}
2015-01-18 09:42:07 Error: Fatal Error (4): syntax error, unexpected '?>' in [/var/www/html/rze-web/app/View/Layouts/default.ctp, line 20]
2015-01-18 09:42:07 Error: [FatalErrorException] syntax error, unexpected '?>'
Request URL: /rze-web/users/login
Stack Trace:
#0 /var/www/html/rze-web/lib/Cake/Error/ErrorHandler.php(203): ErrorHandler::handleFatalError(4, 'syntax error, u...', '/var/www/html/r...', 20)
#1 [internal function]: ErrorHandler::handleError(4, 'syntax error, u...', '/var/www/html/r...', 20, Array)
#2 /var/www/html/rze-web/lib/Cake/Core/App.php(931): call_user_func('ErrorHandler::h...', 4, 'syntax error, u...', '/var/www/html/r...', 20, Array)
#3 /var/www/html/rze-web/lib/Cake/Core/App.php(904): App::_checkFatalError()
#4 [internal function]: App::shutdown()
#5 {main}
2015-01-18 09:49:26 Error: [MissingActionException] Action PagesController::opensource() could not be found.
Exception Attributes: array (
  'controller' => 'PagesController',
  'action' => 'opensource',
)
Request URL: /rze-web/Pages/opensource
Stack Trace:
#0 /var/www/html/rze-web/lib/Cake/Routing/Dispatcher.php(193): Controller->invokeAction(Object(CakeRequest))
#1 /var/www/html/rze-web/lib/Cake/Routing/Dispatcher.php(167): Dispatcher->_invoke(Object(PagesController), Object(CakeRequest))
#2 /var/www/html/rze-web/app/webroot/index.php(118): Dispatcher->dispatch(Object(CakeRequest), Object(CakeResponse))
#3 {main}
2015-01-18 09:49:26 Error: [MissingActionException] Action PagesController::favicon.ico() could not be found.
Exception Attributes: array (
  'controller' => 'PagesController',
  'action' => 'favicon.ico',
)
Request URL: /rze-web/Pages/favicon.ico
Stack Trace:
#0 /var/www/html/rze-web/lib/Cake/Routing/Dispatcher.php(193): Controller->invokeAction(Object(CakeRequest))
#1 /var/www/html/rze-web/lib/Cake/Routing/Dispatcher.php(167): Dispatcher->_invoke(Object(PagesController), Object(CakeRequest))
#2 /var/www/html/rze-web/app/webroot/index.php(118): Dispatcher->dispatch(Object(CakeRequest), Object(CakeResponse))
#3 {main}
2015-01-18 09:49:30 Error: [MissingActionException] Action PagesController::technologies() could not be found.
Exception Attributes: array (
  'controller' => 'PagesController',
  'action' => 'technologies',
)
Request URL: /rze-web/Pages/technologies
Stack Trace:
#0 /var/www/html/rze-web/lib/Cake/Routing/Dispatcher.php(193): Controller->invokeAction(Object(CakeRequest))
#1 /var/www/html/rze-web/lib/Cake/Routing/Dispatcher.php(167): Dispatcher->_invoke(Object(PagesController), Object(CakeRequest))
#2 /var/www/html/rze-web/app/webroot/index.php(118): Dispatcher->dispatch(Object(CakeRequest), Object(CakeResponse))
#3 {main}
2015-01-18 09:52:06 Error: [MissingControllerException] Controller class PagesController could not be found.
Exception Attributes: array (
  'class' => 'PagesController',
  'plugin' => NULL,
)
Request URL: /rze-web/Pages/technologies
Stack Trace:
#0 /var/www/html/rze-web/app/webroot/index.php(118): Dispatcher->dispatch(Object(CakeRequest), Object(CakeResponse))
#1 {main}
2015-01-18 09:52:11 Error: [MissingControllerException] Controller class PagesController could not be found.
Exception Attributes: array (
  'class' => 'PagesController',
  'plugin' => NULL,
)
Request URL: /rze-web/pages/technologies
Stack Trace:
#0 /var/www/html/rze-web/app/webroot/index.php(118): Dispatcher->dispatch(Object(CakeRequest), Object(CakeResponse))
#1 {main}
2015-01-18 09:52:11 Error: [MissingControllerException] Controller class PagesController could not be found.
Exception Attributes: array (
  'class' => 'PagesController',
  'plugin' => NULL,
)
Request URL: /rze-web/pages/favicon.ico
Stack Trace:
#0 /var/www/html/rze-web/app/webroot/index.php(118): Dispatcher->dispatch(Object(CakeRequest), Object(CakeResponse))
#1 {main}
2015-01-18 09:52:15 Error: [MissingControllerException] Controller class PagesController could not be found.
Exception Attributes: array (
  'class' => 'PagesController',
  'plugin' => NULL,
)
Request URL: /rze-web/Pages/opensource
Stack Trace:
#0 /var/www/html/rze-web/app/webroot/index.php(118): Dispatcher->dispatch(Object(CakeRequest), Object(CakeResponse))
#1 {main}
2015-01-18 09:52:22 Error: [MissingControllerException] Controller class PageController could not be found.
Exception Attributes: array (
  'class' => 'PageController',
  'plugin' => NULL,
)
Request URL: /rze-web/page/opensource
Stack Trace:
#0 /var/www/html/rze-web/app/webroot/index.php(118): Dispatcher->dispatch(Object(CakeRequest), Object(CakeResponse))
#1 {main}
2015-01-18 09:52:23 Error: [MissingControllerException] Controller class PageController could not be found.
Exception Attributes: array (
  'class' => 'PageController',
  'plugin' => NULL,
)
Request URL: /rze-web/page/favicon.ico
Stack Trace:
#0 /var/www/html/rze-web/app/webroot/index.php(118): Dispatcher->dispatch(Object(CakeRequest), Object(CakeResponse))
#1 {main}
2015-01-18 09:52:40 Error: [MissingControllerException] Controller class PagesController could not be found.
Exception Attributes: array (
  'class' => 'PagesController',
  'plugin' => NULL,
)
Request URL: /rze-web/
Stack Trace:
#0 /var/www/html/rze-web/app/webroot/index.php(118): Dispatcher->dispatch(Object(CakeRequest), Object(CakeResponse))
#1 {main}
2015-01-18 09:52:45 Error: [MissingControllerException] Controller class PagesController could not be found.
Exception Attributes: array (
  'class' => 'PagesController',
  'plugin' => NULL,
)
Request URL: /rze-web/
Stack Trace:
#0 /var/www/html/rze-web/app/webroot/index.php(118): Dispatcher->dispatch(Object(CakeRequest), Object(CakeResponse))
#1 {main}
2015-01-18 09:55:37 Error: [MissingControllerException] Controller class PagesController could not be found.
Exception Attributes: array (
  'class' => 'PagesController',
  'plugin' => NULL,
)
Request URL: /rze-web/
Stack Trace:
#0 /var/www/html/rze-web/app/webroot/index.php(118): Dispatcher->dispatch(Object(CakeRequest), Object(CakeResponse))
#1 {main}
2015-01-18 09:56:17 Error: [MissingControllerException] Controller class PagesController could not be found.
Exception Attributes: array (
  'class' => 'PagesController',
  'plugin' => NULL,
)
Request URL: /rze-web/
Stack Trace:
#0 /var/www/html/rze-web/app/webroot/index.php(118): Dispatcher->dispatch(Object(CakeRequest), Object(CakeResponse))
#1 {main}
2015-01-18 09:56:21 Error: [MissingControllerException] Controller class PagesController could not be found.
Exception Attributes: array (
  'class' => 'PagesController',
  'plugin' => NULL,
)
Request URL: /rze-web/
Stack Trace:
#0 /var/www/html/rze-web/app/webroot/index.php(118): Dispatcher->dispatch(Object(CakeRequest), Object(CakeResponse))
#1 {main}
2015-01-18 09:56:56 Error: Fatal Error (1): Call to a member function allow() on a non-object in [/var/www/html/rze-web/app/Controller/PagesController.php, line 42]
2015-01-18 09:56:56 Error: [FatalErrorException] Call to a member function allow() on a non-object
Request URL: /rze-web/
Stack Trace:
#0 /var/www/html/rze-web/lib/Cake/Error/ErrorHandler.php(203): ErrorHandler::handleFatalError(1, 'Call to a membe...', '/var/www/html/r...', 42)
#1 [internal function]: ErrorHandler::handleError(1, 'Call to a membe...', '/var/www/html/r...', 42, Array)
#2 /var/www/html/rze-web/lib/Cake/Core/App.php(931): call_user_func('ErrorHandler::h...', 1, 'Call to a membe...', '/var/www/html/r...', 42, Array)
#3 /var/www/html/rze-web/lib/Cake/Core/App.php(904): App::_checkFatalError()
#4 [internal function]: App::shutdown()
#5 {main}
2015-01-18 09:57:16 Error: [MissingActionException] Action PagesController::opensource() could not be found.
Exception Attributes: array (
  'controller' => 'PagesController',
  'action' => 'opensource',
)
Request URL: /rze-web/Pages/opensource
Stack Trace:
#0 /var/www/html/rze-web/lib/Cake/Routing/Dispatcher.php(193): Controller->invokeAction(Object(CakeRequest))
#1 /var/www/html/rze-web/lib/Cake/Routing/Dispatcher.php(167): Dispatcher->_invoke(Object(PagesController), Object(CakeRequest))
#2 /var/www/html/rze-web/app/webroot/index.php(118): Dispatcher->dispatch(Object(CakeRequest), Object(CakeResponse))
#3 {main}
2015-01-18 09:57:41 Error: [MissingActionException] Action PagesController::opensource() could not be found.
Exception Attributes: array (
  'controller' => 'PagesController',
  'action' => 'opensource',
)
Request URL: /rze-web/Pages/opensource
Stack Trace:
#0 /var/www/html/rze-web/lib/Cake/Routing/Dispatcher.php(193): Controller->invokeAction(Object(CakeRequest))
#1 /var/www/html/rze-web/lib/Cake/Routing/Dispatcher.php(167): Dispatcher->_invoke(Object(PagesController), Object(CakeRequest))
#2 /var/www/html/rze-web/app/webroot/index.php(118): Dispatcher->dispatch(Object(CakeRequest), Object(CakeResponse))
#3 {main}
2015-01-18 09:58:00 Error: [MissingActionException] Action PagesController::opensource() could not be found.
Exception Attributes: array (
  'controller' => 'PagesController',
  'action' => 'opensource',
)
Request URL: /rze-web/Pages/opensource
Stack Trace:
#0 /var/www/html/rze-web/lib/Cake/Routing/Dispatcher.php(193): Controller->invokeAction(Object(CakeRequest))
#1 /var/www/html/rze-web/lib/Cake/Routing/Dispatcher.php(167): Dispatcher->_invoke(Object(PagesController), Object(CakeRequest))
#2 /var/www/html/rze-web/app/webroot/index.php(118): Dispatcher->dispatch(Object(CakeRequest), Object(CakeResponse))
#3 {main}
2015-01-18 09:58:23 Error: [MissingControllerException] Controller class ContactController could not be found.
Exception Attributes: array (
  'class' => 'ContactController',
  'plugin' => NULL,
)
Request URL: /rze-web/Contact
Stack Trace:
#0 /var/www/html/rze-web/app/webroot/index.php(118): Dispatcher->dispatch(Object(CakeRequest), Object(CakeResponse))
#1 {main}
2015-01-18 09:59:08 Error: [MissingActionException] Action UsersController::pages() could not be found.
Exception Attributes: array (
  'controller' => 'UsersController',
  'action' => 'pages',
)
Request URL: /rze-web/users/pages/home
Stack Trace:
#0 /var/www/html/rze-web/lib/Cake/Routing/Dispatcher.php(193): Controller->invokeAction(Object(CakeRequest))
#1 /var/www/html/rze-web/lib/Cake/Routing/Dispatcher.php(167): Dispatcher->_invoke(Object(UsersController), Object(CakeRequest))
#2 /var/www/html/rze-web/app/webroot/index.php(118): Dispatcher->dispatch(Object(CakeRequest), Object(CakeResponse))
#3 {main}
2015-01-18 09:59:08 Error: [MissingActionException] Action UsersController::pages() could not be found.
Exception Attributes: array (
  'controller' => 'UsersController',
  'action' => 'pages',
)
Request URL: /rze-web/users/pages/favicon.ico
Stack Trace:
#0 /var/www/html/rze-web/lib/Cake/Routing/Dispatcher.php(193): Controller->invokeAction(Object(CakeRequest))
#1 /var/www/html/rze-web/lib/Cake/Routing/Dispatcher.php(167): Dispatcher->_invoke(Object(UsersController), Object(CakeRequest))
#2 /var/www/html/rze-web/app/webroot/index.php(118): Dispatcher->dispatch(Object(CakeRequest), Object(CakeResponse))
#3 {main}
2015-01-18 09:59:09 Error: [MissingActionException] Action UsersController::pages() could not be found.
Exception Attributes: array (
  'controller' => 'UsersController',
  'action' => 'pages',
)
Request URL: /rze-web/users/pages/home
Stack Trace:
#0 /var/www/html/rze-web/lib/Cake/Routing/Dispatcher.php(193): Controller->invokeAction(Object(CakeRequest))
#1 /var/www/html/rze-web/lib/Cake/Routing/Dispatcher.php(167): Dispatcher->_invoke(Object(UsersController), Object(CakeRequest))
#2 /var/www/html/rze-web/app/webroot/index.php(118): Dispatcher->dispatch(Object(CakeRequest), Object(CakeResponse))
#3 {main}
2015-01-18 09:59:14 Error: [MissingControllerException] Controller class ContactController could not be found.
Exception Attributes: array (
  'class' => 'ContactController',
  'plugin' => NULL,
)
Request URL: /rze-web/Contact
Stack Trace:
#0 /var/www/html/rze-web/app/webroot/index.php(118): Dispatcher->dispatch(Object(CakeRequest), Object(CakeResponse))
#1 {main}
2015-01-18 10:08:18 Error: [MissingActionException] Action UsersController::pages() could not be found.
Exception Attributes: array (
  'controller' => 'UsersController',
  'action' => 'pages',
)
Request URL: /rze-web/users/pages/home
Stack Trace:
#0 /var/www/html/rze-web/lib/Cake/Routing/Dispatcher.php(193): Controller->invokeAction(Object(CakeRequest))
#1 /var/www/html/rze-web/lib/Cake/Routing/Dispatcher.php(167): Dispatcher->_invoke(Object(UsersController), Object(CakeRequest))
#2 /var/www/html/rze-web/app/webroot/index.php(118): Dispatcher->dispatch(Object(CakeRequest), Object(CakeResponse))
#3 {main}
2015-01-18 10:08:18 Error: [MissingActionException] Action UsersController::pages() could not be found.
Exception Attributes: array (
  'controller' => 'UsersController',
  'action' => 'pages',
)
Request URL: /rze-web/users/pages/home
Stack Trace:
#0 /var/www/html/rze-web/lib/Cake/Routing/Dispatcher.php(193): Controller->invokeAction(Object(CakeRequest))
#1 /var/www/html/rze-web/lib/Cake/Routing/Dispatcher.php(167): Dispatcher->_invoke(Object(UsersController), Object(CakeRequest))
#2 /var/www/html/rze-web/app/webroot/index.php(118): Dispatcher->dispatch(Object(CakeRequest), Object(CakeResponse))
#3 {main}
2015-01-18 10:08:47 Error: [MissingControllerException] Controller class ContactController could not be found.
Exception Attributes: array (
  'class' => 'ContactController',
  'plugin' => NULL,
)
Request URL: /rze-web/Contact
Stack Trace:
#0 /var/www/html/rze-web/app/webroot/index.php(118): Dispatcher->dispatch(Object(CakeRequest), Object(CakeResponse))
#1 {main}
2015-01-18 10:11:49 Error: [MissingActionException] Action UsersController::pages() could not be found.
Exception Attributes: array (
  'controller' => 'UsersController',
  'action' => 'pages',
)
Request URL: /rze-web/users/pages/home
Stack Trace:
#0 /var/www/html/rze-web/lib/Cake/Routing/Dispatcher.php(193): Controller->invokeAction(Object(CakeRequest))
#1 /var/www/html/rze-web/lib/Cake/Routing/Dispatcher.php(167): Dispatcher->_invoke(Object(UsersController), Object(CakeRequest))
#2 /var/www/html/rze-web/app/webroot/index.php(118): Dispatcher->dispatch(Object(CakeRequest), Object(CakeResponse))
#3 {main}
2015-01-18 10:14:39 Error: [MissingActionException] Action UsersController::pages() could not be found.
Exception Attributes: array (
  'controller' => 'UsersController',
  'action' => 'pages',
)
Request URL: /rze-web/users/pages/display
Stack Trace:
#0 /var/www/html/rze-web/lib/Cake/Routing/Dispatcher.php(193): Controller->invokeAction(Object(CakeRequest))
#1 /var/www/html/rze-web/lib/Cake/Routing/Dispatcher.php(167): Dispatcher->_invoke(Object(UsersController), Object(CakeRequest))
#2 /var/www/html/rze-web/app/webroot/index.php(118): Dispatcher->dispatch(Object(CakeRequest), Object(CakeResponse))
#3 {main}
2015-01-18 10:15:18 Error: [MissingActionException] Action UsersController::pages() could not be found.
Exception Attributes: array (
  'controller' => 'UsersController',
  'action' => 'pages',
)
Request URL: /rze-web/users/pages/display
Stack Trace:
#0 /var/www/html/rze-web/lib/Cake/Routing/Dispatcher.php(193): Controller->invokeAction(Object(CakeRequest))
#1 /var/www/html/rze-web/lib/Cake/Routing/Dispatcher.php(167): Dispatcher->_invoke(Object(UsersController), Object(CakeRequest))
#2 /var/www/html/rze-web/app/webroot/index.php(118): Dispatcher->dispatch(Object(CakeRequest), Object(CakeResponse))
#3 {main}
2015-01-18 10:15:26 Error: [MissingActionException] Action UsersController::pages() could not be found.
Exception Attributes: array (
  'controller' => 'UsersController',
  'action' => 'pages',
)
Request URL: /rze-web/users/pages/display/home
Stack Trace:
#0 /var/www/html/rze-web/lib/Cake/Routing/Dispatcher.php(193): Controller->invokeAction(Object(CakeRequest))
#1 /var/www/html/rze-web/lib/Cake/Routing/Dispatcher.php(167): Dispatcher->_invoke(Object(UsersController), Object(CakeRequest))
#2 /var/www/html/rze-web/app/webroot/index.php(118): Dispatcher->dispatch(Object(CakeRequest), Object(CakeResponse))
#3 {main}
2015-01-18 10:15:26 Error: [MissingActionException] Action UsersController::pages() could not be found.
Exception Attributes: array (
  'controller' => 'UsersController',
  'action' => 'pages',
)
Request URL: /rze-web/users/pages/display/favicon.ico
Stack Trace:
#0 /var/www/html/rze-web/lib/Cake/Routing/Dispatcher.php(193): Controller->invokeAction(Object(CakeRequest))
#1 /var/www/html/rze-web/lib/Cake/Routing/Dispatcher.php(167): Dispatcher->_invoke(Object(UsersController), Object(CakeRequest))
#2 /var/www/html/rze-web/app/webroot/index.php(118): Dispatcher->dispatch(Object(CakeRequest), Object(CakeResponse))
#3 {main}
2015-01-18 10:15:27 Error: [MissingActionException] Action UsersController::pages() could not be found.
Exception Attributes: array (
  'controller' => 'UsersController',
  'action' => 'pages',
)
Request URL: /rze-web/users/pages/display/favicon.ico
Stack Trace:
#0 /var/www/html/rze-web/lib/Cake/Routing/Dispatcher.php(193): Controller->invokeAction(Object(CakeRequest))
#1 /var/www/html/rze-web/lib/Cake/Routing/Dispatcher.php(167): Dispatcher->_invoke(Object(UsersController), Object(CakeRequest))
#2 /var/www/html/rze-web/app/webroot/index.php(118): Dispatcher->dispatch(Object(CakeRequest), Object(CakeResponse))
#3 {main}
2015-01-18 10:20:11 Error: [MissingActionException] Action UsersController::pages() could not be found.
Exception Attributes: array (
  'controller' => 'UsersController',
  'action' => 'pages',
)
Request URL: /rze-web/users/pages/technologies
Stack Trace:
#0 /var/www/html/rze-web/lib/Cake/Routing/Dispatcher.php(193): Controller->invokeAction(Object(CakeRequest))
#1 /var/www/html/rze-web/lib/Cake/Routing/Dispatcher.php(167): Dispatcher->_invoke(Object(UsersController), Object(CakeRequest))
#2 /var/www/html/rze-web/app/webroot/index.php(118): Dispatcher->dispatch(Object(CakeRequest), Object(CakeResponse))
#3 {main}
2015-01-18 10:20:14 Error: [MissingActionException] Action UsersController::pages() could not be found.
Exception Attributes: array (
  'controller' => 'UsersController',
  'action' => 'pages',
)
Request URL: /rze-web/users/pages/display/home
Stack Trace:
#0 /var/www/html/rze-web/lib/Cake/Routing/Dispatcher.php(193): Controller->invokeAction(Object(CakeRequest))
#1 /var/www/html/rze-web/lib/Cake/Routing/Dispatcher.php(167): Dispatcher->_invoke(Object(UsersController), Object(CakeRequest))
#2 /var/www/html/rze-web/app/webroot/index.php(118): Dispatcher->dispatch(Object(CakeRequest), Object(CakeResponse))
#3 {main}
2015-01-18 10:20:14 Error: [MissingActionException] Action UsersController::pages() could not be found.
Exception Attributes: array (
  'controller' => 'UsersController',
  'action' => 'pages',
)
Request URL: /rze-web/users/pages/display/home
Stack Trace:
#0 /var/www/html/rze-web/lib/Cake/Routing/Dispatcher.php(193): Controller->invokeAction(Object(CakeRequest))
#1 /var/www/html/rze-web/lib/Cake/Routing/Dispatcher.php(167): Dispatcher->_invoke(Object(UsersController), Object(CakeRequest))
#2 /var/www/html/rze-web/app/webroot/index.php(118): Dispatcher->dispatch(Object(CakeRequest), Object(CakeResponse))
#3 {main}
2015-01-18 10:20:14 Error: [MissingActionException] Action UsersController::pages() could not be found.
Exception Attributes: array (
  'controller' => 'UsersController',
  'action' => 'pages',
)
Request URL: /rze-web/users/pages/display/home
Stack Trace:
#0 /var/www/html/rze-web/lib/Cake/Routing/Dispatcher.php(193): Controller->invokeAction(Object(CakeRequest))
#1 /var/www/html/rze-web/lib/Cake/Routing/Dispatcher.php(167): Dispatcher->_invoke(Object(UsersController), Object(CakeRequest))
#2 /var/www/html/rze-web/app/webroot/index.php(118): Dispatcher->dispatch(Object(CakeRequest), Object(CakeResponse))
#3 {main}
2015-01-18 10:20:36 Error: [MissingActionException] Action UsersController::pages() could not be found.
Exception Attributes: array (
  'controller' => 'UsersController',
  'action' => 'pages',
)
Request URL: /rze-web/users/pages/display/home
Stack Trace:
#0 /var/www/html/rze-web/lib/Cake/Routing/Dispatcher.php(193): Controller->invokeAction(Object(CakeRequest))
#1 /var/www/html/rze-web/lib/Cake/Routing/Dispatcher.php(167): Dispatcher->_invoke(Object(UsersController), Object(CakeRequest))
#2 /var/www/html/rze-web/app/webroot/index.php(118): Dispatcher->dispatch(Object(CakeRequest), Object(CakeResponse))
#3 {main}
2015-01-18 10:20:41 Error: [MissingActionException] Action UsersController::pages() could not be found.
Exception Attributes: array (
  'controller' => 'UsersController',
  'action' => 'pages',
)
Request URL: /rze-web/users/pages/technologies
Stack Trace:
#0 /var/www/html/rze-web/lib/Cake/Routing/Dispatcher.php(193): Controller->invokeAction(Object(CakeRequest))
#1 /var/www/html/rze-web/lib/Cake/Routing/Dispatcher.php(167): Dispatcher->_invoke(Object(UsersController), Object(CakeRequest))
#2 /var/www/html/rze-web/app/webroot/index.php(118): Dispatcher->dispatch(Object(CakeRequest), Object(CakeResponse))
#3 {main}
2015-01-18 10:21:00 Error: [MissingActionException] Action UsersController::pages() could not be found.
Exception Attributes: array (
  'controller' => 'UsersController',
  'action' => 'pages',
)
Request URL: /rze-web/users/pages/technologies
Stack Trace:
#0 /var/www/html/rze-web/lib/Cake/Routing/Dispatcher.php(193): Controller->invokeAction(Object(CakeRequest))
#1 /var/www/html/rze-web/lib/Cake/Routing/Dispatcher.php(167): Dispatcher->_invoke(Object(UsersController), Object(CakeRequest))
#2 /var/www/html/rze-web/app/webroot/index.php(118): Dispatcher->dispatch(Object(CakeRequest), Object(CakeResponse))
#3 {main}
2015-01-18 10:21:23 Error: [MissingActionException] Action UsersController::pages() could not be found.
Exception Attributes: array (
  'controller' => 'UsersController',
  'action' => 'pages',
)
Request URL: /rze-web/users/pages/technologies
Stack Trace:
#0 /var/www/html/rze-web/lib/Cake/Routing/Dispatcher.php(193): Controller->invokeAction(Object(CakeRequest))
#1 /var/www/html/rze-web/lib/Cake/Routing/Dispatcher.php(167): Dispatcher->_invoke(Object(UsersController), Object(CakeRequest))
#2 /var/www/html/rze-web/app/webroot/index.php(118): Dispatcher->dispatch(Object(CakeRequest), Object(CakeResponse))
#3 {main}
2015-01-18 10:22:57 Error: [MissingActionException] Action UsersController::pages() could not be found.
Exception Attributes: array (
  'controller' => 'UsersController',
  'action' => 'pages',
)
Request URL: /rze-web/users/pages/technologies
Stack Trace:
#0 /var/www/html/rze-web/lib/Cake/Routing/Dispatcher.php(193): Controller->invokeAction(Object(CakeRequest))
#1 /var/www/html/rze-web/lib/Cake/Routing/Dispatcher.php(167): Dispatcher->_invoke(Object(UsersController), Object(CakeRequest))
#2 /var/www/html/rze-web/app/webroot/index.php(118): Dispatcher->dispatch(Object(CakeRequest), Object(CakeResponse))
#3 {main}
2015-01-18 10:23:06 Error: [MissingActionException] Action UsersController::pages() could not be found.
Exception Attributes: array (
  'controller' => 'UsersController',
  'action' => 'pages',
)
Request URL: /rze-web/users/pages/technologies
Stack Trace:
#0 /var/www/html/rze-web/lib/Cake/Routing/Dispatcher.php(193): Controller->invokeAction(Object(CakeRequest))
#1 /var/www/html/rze-web/lib/Cake/Routing/Dispatcher.php(167): Dispatcher->_invoke(Object(UsersController), Object(CakeRequest))
#2 /var/www/html/rze-web/app/webroot/index.php(118): Dispatcher->dispatch(Object(CakeRequest), Object(CakeResponse))
#3 {main}
2015-01-18 10:23:57 Error: Fatal Error (4): syntax error, unexpected ')', expecting ',' or ';' in [/var/www/html/rze-web/app/View/Elements/mainmenu.ctp, line 17]
2015-01-18 10:23:57 Error: [FatalErrorException] syntax error, unexpected ')', expecting ',' or ';'
Request URL: /rze-web/pages/opensource
Stack Trace:
#0 /var/www/html/rze-web/lib/Cake/Error/ErrorHandler.php(203): ErrorHandler::handleFatalError(4, 'syntax error, u...', '/var/www/html/r...', 17)
#1 [internal function]: ErrorHandler::handleError(4, 'syntax error, u...', '/var/www/html/r...', 17, Array)
#2 /var/www/html/rze-web/lib/Cake/Core/App.php(931): call_user_func('ErrorHandler::h...', 4, 'syntax error, u...', '/var/www/html/r...', 17, Array)
#3 /var/www/html/rze-web/lib/Cake/Core/App.php(904): App::_checkFatalError()
#4 [internal function]: App::shutdown()
#5 {main}
2015-01-18 10:24:08 Error: [MissingViewException] View file "Pages/pages/technologies.ctp" is missing.
Exception Attributes: array (
  'file' => 'Pages/pages/technologies.ctp',
)
Request URL: /rze-web/pages/pages/technologies
Stack Trace:
#0 /var/www/html/rze-web/lib/Cake/View/View.php(470): View->_getViewFileName('pages/technolog...')
#1 /var/www/html/rze-web/lib/Cake/Controller/Controller.php(959): View->render('pages/technolog...', NULL)
#2 /var/www/html/rze-web/app/Controller/PagesController.php(74): Controller->render('pages/technolog...')
#3 [internal function]: PagesController->display('pages', 'technologies')
#4 /var/www/html/rze-web/lib/Cake/Controller/Controller.php(490): ReflectionMethod->invokeArgs(Object(PagesController), Array)
#5 /var/www/html/rze-web/lib/Cake/Routing/Dispatcher.php(193): Controller->invokeAction(Object(CakeRequest))
#6 /var/www/html/rze-web/lib/Cake/Routing/Dispatcher.php(167): Dispatcher->_invoke(Object(PagesController), Object(CakeRequest))
#7 /var/www/html/rze-web/app/webroot/index.php(118): Dispatcher->dispatch(Object(CakeRequest), Object(CakeResponse))
#8 {main}
2015-01-18 10:24:09 Error: [MissingViewException] View file "Pages/pages/favicon.ico.ctp" is missing.
Exception Attributes: array (
  'file' => 'Pages/pages/favicon.ico.ctp',
)
Request URL: /rze-web/pages/pages/favicon.ico
Stack Trace:
#0 /var/www/html/rze-web/lib/Cake/View/View.php(470): View->_getViewFileName('pages/favicon.i...')
#1 /var/www/html/rze-web/lib/Cake/Controller/Controller.php(959): View->render('pages/favicon.i...', NULL)
#2 /var/www/html/rze-web/app/Controller/PagesController.php(74): Controller->render('pages/favicon.i...')
#3 [internal function]: PagesController->display('pages', 'favicon.ico')
#4 /var/www/html/rze-web/lib/Cake/Controller/Controller.php(490): ReflectionMethod->invokeArgs(Object(PagesController), Array)
#5 /var/www/html/rze-web/lib/Cake/Routing/Dispatcher.php(193): Controller->invokeAction(Object(CakeRequest))
#6 /var/www/html/rze-web/lib/Cake/Routing/Dispatcher.php(167): Dispatcher->_invoke(Object(PagesController), Object(CakeRequest))
#7 /var/www/html/rze-web/app/webroot/index.php(118): Dispatcher->dispatch(Object(CakeRequest), Object(CakeResponse))
#8 {main}
2015-01-18 10:24:09 Error: [MissingViewException] View file "Pages/pages/favicon.ico.ctp" is missing.
Exception Attributes: array (
  'file' => 'Pages/pages/favicon.ico.ctp',
)
Request URL: /rze-web/pages/pages/favicon.ico
Stack Trace:
#0 /var/www/html/rze-web/lib/Cake/View/View.php(470): View->_getViewFileName('pages/favicon.i...')
#1 /var/www/html/rze-web/lib/Cake/Controller/Controller.php(959): View->render('pages/favicon.i...', NULL)
#2 /var/www/html/rze-web/app/Controller/PagesController.php(74): Controller->render('pages/favicon.i...')
#3 [internal function]: PagesController->display('pages', 'favicon.ico')
#4 /var/www/html/rze-web/lib/Cake/Controller/Controller.php(490): ReflectionMethod->invokeArgs(Object(PagesController), Array)
#5 /var/www/html/rze-web/lib/Cake/Routing/Dispatcher.php(193): Controller->invokeAction(Object(CakeRequest))
#6 /var/www/html/rze-web/lib/Cake/Routing/Dispatcher.php(167): Dispatcher->_invoke(Object(PagesController), Object(CakeRequest))
#7 /var/www/html/rze-web/app/webroot/index.php(118): Dispatcher->dispatch(Object(CakeRequest), Object(CakeResponse))
#8 {main}
2015-01-18 10:24:27 Error: [MissingViewException] View file "Pages/pages/technologies.ctp" is missing.
Exception Attributes: array (
  'file' => 'Pages/pages/technologies.ctp',
)
Request URL: /rze-web/pages/pages/technologies
Stack Trace:
#0 /var/www/html/rze-web/lib/Cake/View/View.php(470): View->_getViewFileName('pages/technolog...')
#1 /var/www/html/rze-web/lib/Cake/Controller/Controller.php(959): View->render('pages/technolog...', NULL)
#2 /var/www/html/rze-web/app/Controller/PagesController.php(74): Controller->render('pages/technolog...')
#3 [internal function]: PagesController->display('pages', 'technologies')
#4 /var/www/html/rze-web/lib/Cake/Controller/Controller.php(490): ReflectionMethod->invokeArgs(Object(PagesController), Array)
#5 /var/www/html/rze-web/lib/Cake/Routing/Dispatcher.php(193): Controller->invokeAction(Object(CakeRequest))
#6 /var/www/html/rze-web/lib/Cake/Routing/Dispatcher.php(167): Dispatcher->_invoke(Object(PagesController), Object(CakeRequest))
#7 /var/www/html/rze-web/app/webroot/index.php(118): Dispatcher->dispatch(Object(CakeRequest), Object(CakeResponse))
#8 {main}
2015-01-18 10:25:02 Error: [MissingActionException] Action UsersController::list() could not be found.
Exception Attributes: array (
  'controller' => 'UsersController',
  'action' => 'list',
)
Request URL: /rze-web/users/list
Stack Trace:
#0 /var/www/html/rze-web/lib/Cake/Routing/Dispatcher.php(193): Controller->invokeAction(Object(CakeRequest))
#1 /var/www/html/rze-web/lib/Cake/Routing/Dispatcher.php(167): Dispatcher->_invoke(Object(UsersController), Object(CakeRequest))
#2 /var/www/html/rze-web/app/webroot/index.php(118): Dispatcher->dispatch(Object(CakeRequest), Object(CakeResponse))
#3 {main}
2015-01-18 11:26:54 Error: [MissingControllerException] Controller class LoginController could not be found.
Exception Attributes: array (
  'class' => 'LoginController',
  'plugin' => 'Users',
)
Request URL: /rze-web/users/login
Stack Trace:
#0 /var/www/html/rze-web/app/webroot/index.php(118): Dispatcher->dispatch(Object(CakeRequest), Object(CakeResponse))
#1 {main}
2015-01-18 11:27:25 Error: [MissingControllerException] Controller class LoginController could not be found.
Exception Attributes: array (
  'class' => 'LoginController',
  'plugin' => 'Users',
)
Request URL: /rze-web/users/login
Stack Trace:
#0 /var/www/html/rze-web/app/webroot/index.php(118): Dispatcher->dispatch(Object(CakeRequest), Object(CakeResponse))
#1 {main}
2015-01-18 11:29:05 Error: [MissingControllerException] Controller class LoginController could not be found.
Exception Attributes: array (
  'class' => 'LoginController',
  'plugin' => 'Users',
)
Request URL: /rze-web/users/login
Stack Trace:
#0 /var/www/html/rze-web/app/webroot/index.php(118): Dispatcher->dispatch(Object(CakeRequest), Object(CakeResponse))
#1 {main}
2015-01-18 11:31:27 Error: [MissingControllerException] Controller class LoginController could not be found.
Exception Attributes: array (
  'class' => 'LoginController',
  'plugin' => 'Users',
)
Request URL: /rze-web/users/login
Stack Trace:
#0 /var/www/html/rze-web/app/webroot/index.php(118): Dispatcher->dispatch(Object(CakeRequest), Object(CakeResponse))
#1 {main}
2015-01-18 11:31:39 Error: [MissingControllerException] Controller class AppusersController could not be found.
Exception Attributes: array (
  'class' => 'AppusersController',
  'plugin' => NULL,
)
Request URL: /rze-web/appusers/login
Stack Trace:
#0 /var/www/html/rze-web/app/webroot/index.php(118): Dispatcher->dispatch(Object(CakeRequest), Object(CakeResponse))
#1 {main}
2015-01-18 11:31:39 Error: [MissingControllerException] Controller class AppusersController could not be found.
Exception Attributes: array (
  'class' => 'AppusersController',
  'plugin' => NULL,
)
Request URL: /rze-web/appusers/favicon.ico
Stack Trace:
#0 /var/www/html/rze-web/app/webroot/index.php(118): Dispatcher->dispatch(Object(CakeRequest), Object(CakeResponse))
#1 {main}
2015-01-18 11:33:13 Error: [MissingControllerException] Controller class UsersController could not be found.
Exception Attributes: array (
  'class' => 'UsersController',
  'plugin' => 'Users',
)
Request URL: /rze-web/users/login
Stack Trace:
#0 /var/www/html/rze-web/app/webroot/index.php(118): Dispatcher->dispatch(Object(CakeRequest), Object(CakeResponse))
#1 {main}
2015-01-18 11:34:01 Error: Fatal Error (1): Class 'UsersController' not found in [/var/www/html/rze-web/app/Plugin/Users/Controller/UsersController.php, line 5]
2015-01-18 11:34:01 Error: [FatalErrorException] Class 'UsersController' not found
Request URL: /rze-web/users/login
Stack Trace:
#0 /var/www/html/rze-web/lib/Cake/Error/ErrorHandler.php(203): ErrorHandler::handleFatalError(1, 'Class 'UsersCon...', '/var/www/html/r...', 5)
#1 [internal function]: ErrorHandler::handleError(1, 'Class 'UsersCon...', '/var/www/html/r...', 5, Array)
#2 /var/www/html/rze-web/lib/Cake/Core/App.php(931): call_user_func('ErrorHandler::h...', 1, 'Class 'UsersCon...', '/var/www/html/r...', 5, Array)
#3 /var/www/html/rze-web/lib/Cake/Core/App.php(904): App::_checkFatalError()
#4 [internal function]: App::shutdown()
#5 {main}
2015-01-18 11:35:52 Error: Fatal Error (1): Class 'UsersController' not found in [/var/www/html/rze-web/app/Plugin/Users/Controller/UsersController.php, line 5]
2015-01-18 11:35:52 Error: [FatalErrorException] Class 'UsersController' not found
Request URL: /rze-web/users/login
Stack Trace:
#0 /var/www/html/rze-web/lib/Cake/Error/ErrorHandler.php(203): ErrorHandler::handleFatalError(1, 'Class 'UsersCon...', '/var/www/html/r...', 5)
#1 [internal function]: ErrorHandler::handleError(1, 'Class 'UsersCon...', '/var/www/html/r...', 5, Array)
#2 /var/www/html/rze-web/lib/Cake/Core/App.php(931): call_user_func('ErrorHandler::h...', 1, 'Class 'UsersCon...', '/var/www/html/r...', 5, Array)
#3 /var/www/html/rze-web/lib/Cake/Core/App.php(904): App::_checkFatalError()
#4 [internal function]: App::shutdown()
#5 {main}
2015-01-18 11:39:38 Error: Fatal Error (1): Class 'UsersController' not found in [/var/www/html/rze-web/app/Plugin/Users/Controller/UsersController.php, line 5]
2015-01-18 11:39:38 Error: [FatalErrorException] Class 'UsersController' not found
Request URL: /rze-web/users
Stack Trace:
#0 /var/www/html/rze-web/lib/Cake/Error/ErrorHandler.php(203): ErrorHandler::handleFatalError(1, 'Class 'UsersCon...', '/var/www/html/r...', 5)
#1 [internal function]: ErrorHandler::handleError(1, 'Class 'UsersCon...', '/var/www/html/r...', 5, Array)
#2 /var/www/html/rze-web/lib/Cake/Core/App.php(931): call_user_func('ErrorHandler::h...', 1, 'Class 'UsersCon...', '/var/www/html/r...', 5, Array)
#3 /var/www/html/rze-web/lib/Cake/Core/App.php(904): App::_checkFatalError()
#4 [internal function]: App::shutdown()
#5 {main}
2015-01-18 11:44:58 Error: [MissingHelperException] Helper class FlashHelper could not be found.
Exception Attributes: array (
  'class' => 'FlashHelper',
  'plugin' => 'Users',
)
Request URL: /rze-web/users/login
Stack Trace:
#0 /var/www/html/rze-web/lib/Cake/View/HelperCollection.php(66): HelperCollection->load('Users.Flash')
#1 /var/www/html/rze-web/lib/Cake/View/View.php(848): HelperCollection->__isset('Flash')
#2 /var/www/html/rze-web/app/Plugin/Users/View/Users/login.ctp(24): View->__get('Flash')
#3 /var/www/html/rze-web/lib/Cake/View/View.php(961): include('/var/www/html/r...')
#4 /var/www/html/rze-web/lib/Cake/View/View.php(923): View->_evaluate('/var/www/html/r...', Array)
#5 /var/www/html/rze-web/lib/Cake/View/View.php(473): View->_render('/var/www/html/r...')
#6 /var/www/html/rze-web/lib/Cake/Controller/Controller.php(959): View->render(NULL, NULL)
#7 /var/www/html/rze-web/lib/Cake/Routing/Dispatcher.php(200): Controller->render()
#8 /var/www/html/rze-web/lib/Cake/Routing/Dispatcher.php(167): Dispatcher->_invoke(Object(UsersController), Object(CakeRequest))
#9 /var/www/html/rze-web/app/webroot/index.php(118): Dispatcher->dispatch(Object(CakeRequest), Object(CakeResponse))
#10 {main}
2015-01-18 11:54:28 Error: Fatal Error (4): syntax error, unexpected '<' in [/var/www/html/rze-web/app/Plugin/Users/View/Users/login.ctp, line 62]
2015-01-18 11:54:28 Error: [FatalErrorException] syntax error, unexpected '<'
Request URL: /rze-web/users/login
Stack Trace:
#0 /var/www/html/rze-web/lib/Cake/Error/ErrorHandler.php(203): ErrorHandler::handleFatalError(4, 'syntax error, u...', '/var/www/html/r...', 62)
#1 [internal function]: ErrorHandler::handleError(4, 'syntax error, u...', '/var/www/html/r...', 62, Array)
#2 /var/www/html/rze-web/lib/Cake/Core/App.php(931): call_user_func('ErrorHandler::h...', 4, 'syntax error, u...', '/var/www/html/r...', 62, Array)
#3 /var/www/html/rze-web/lib/Cake/Core/App.php(904): App::_checkFatalError()
#4 [internal function]: App::shutdown()
#5 {main}
2015-01-18 12:06:23 Error: [MissingHelperException] Helper class FlashHelper could not be found.
Exception Attributes: array (
  'class' => 'FlashHelper',
  'plugin' => 'Users',
)
Request URL: /rze-web/users/login
Stack Trace:
#0 /var/www/html/rze-web/lib/Cake/View/HelperCollection.php(66): HelperCollection->load('Users.Flash')
#1 /var/www/html/rze-web/lib/Cake/View/View.php(848): HelperCollection->__isset('Flash')
#2 /var/www/html/rze-web/app/Plugin/Users/View/Users/login.ctp(20): View->__get('Flash')
#3 /var/www/html/rze-web/lib/Cake/View/View.php(961): include('/var/www/html/r...')
#4 /var/www/html/rze-web/lib/Cake/View/View.php(923): View->_evaluate('/var/www/html/r...', Array)
#5 /var/www/html/rze-web/lib/Cake/View/View.php(473): View->_render('/var/www/html/r...')
#6 /var/www/html/rze-web/lib/Cake/Controller/Controller.php(959): View->render(NULL, NULL)
#7 /var/www/html/rze-web/lib/Cake/Routing/Dispatcher.php(200): Controller->render()
#8 /var/www/html/rze-web/lib/Cake/Routing/Dispatcher.php(167): Dispatcher->_invoke(Object(UsersController), Object(CakeRequest))
#9 /var/www/html/rze-web/app/webroot/index.php(118): Dispatcher->dispatch(Object(CakeRequest), Object(CakeResponse))
#10 {main}
2015-01-18 12:06:30 Error: [MissingHelperException] Helper class FlashHelper could not be found.
Exception Attributes: array (
  'class' => 'FlashHelper',
  'plugin' => 'Users',
)
Request URL: /rze-web/users/login
Stack Trace:
#0 /var/www/html/rze-web/lib/Cake/View/HelperCollection.php(66): HelperCollection->load('Users.Flash')
#1 /var/www/html/rze-web/lib/Cake/View/View.php(848): HelperCollection->__isset('Flash')
#2 /var/www/html/rze-web/app/Plugin/Users/View/Users/login.ctp(20): View->__get('Flash')
#3 /var/www/html/rze-web/lib/Cake/View/View.php(961): include('/var/www/html/r...')
#4 /var/www/html/rze-web/lib/Cake/View/View.php(923): View->_evaluate('/var/www/html/r...', Array)
#5 /var/www/html/rze-web/lib/Cake/View/View.php(473): View->_render('/var/www/html/r...')
#6 /var/www/html/rze-web/lib/Cake/Controller/Controller.php(959): View->render(NULL, NULL)
#7 /var/www/html/rze-web/lib/Cake/Routing/Dispatcher.php(200): Controller->render()
#8 /var/www/html/rze-web/lib/Cake/Routing/Dispatcher.php(167): Dispatcher->_invoke(Object(UsersController), Object(CakeRequest))
#9 /var/www/html/rze-web/app/webroot/index.php(118): Dispatcher->dispatch(Object(CakeRequest), Object(CakeResponse))
#10 {main}
2015-01-18 12:06:31 Error: [MissingHelperException] Helper class FlashHelper could not be found.
Exception Attributes: array (
  'class' => 'FlashHelper',
  'plugin' => 'Users',
)
Request URL: /rze-web/users/login
Stack Trace:
#0 /var/www/html/rze-web/lib/Cake/View/HelperCollection.php(66): HelperCollection->load('Users.Flash')
#1 /var/www/html/rze-web/lib/Cake/View/View.php(848): HelperCollection->__isset('Flash')
#2 /var/www/html/rze-web/app/Plugin/Users/View/Users/login.ctp(20): View->__get('Flash')
#3 /var/www/html/rze-web/lib/Cake/View/View.php(961): include('/var/www/html/r...')
#4 /var/www/html/rze-web/lib/Cake/View/View.php(923): View->_evaluate('/var/www/html/r...', Array)
#5 /var/www/html/rze-web/lib/Cake/View/View.php(473): View->_render('/var/www/html/r...')
#6 /var/www/html/rze-web/lib/Cake/Controller/Controller.php(959): View->render(NULL, NULL)
#7 /var/www/html/rze-web/lib/Cake/Routing/Dispatcher.php(200): Controller->render()
#8 /var/www/html/rze-web/lib/Cake/Routing/Dispatcher.php(167): Dispatcher->_invoke(Object(UsersController), Object(CakeRequest))
#9 /var/www/html/rze-web/app/webroot/index.php(118): Dispatcher->dispatch(Object(CakeRequest), Object(CakeResponse))
#10 {main}
2015-01-18 12:07:06 Error: [BadRequestException] The request has been black-holed
Request URL: /rze-web/users/login
Stack Trace:
#0 /var/www/html/rze-web/lib/Cake/Controller/Component/SecurityComponent.php(242): SecurityComponent->blackHole(Object(UsersController), 'csrf')
#1 [internal function]: SecurityComponent->startup(Object(UsersController))
#2 /var/www/html/rze-web/lib/Cake/Utility/ObjectCollection.php(128): call_user_func_array(Array, Array)
#3 [internal function]: ObjectCollection->trigger(Object(CakeEvent))
#4 /var/www/html/rze-web/lib/Cake/Event/CakeEventManager.php(243): call_user_func(Array, Object(CakeEvent))
#5 /var/www/html/rze-web/lib/Cake/Controller/Controller.php(677): CakeEventManager->dispatch(Object(CakeEvent))
#6 /var/www/html/rze-web/lib/Cake/Routing/Dispatcher.php(189): Controller->startupProcess()
#7 /var/www/html/rze-web/lib/Cake/Routing/Dispatcher.php(167): Dispatcher->_invoke(Object(UsersController), Object(CakeRequest))
#8 /var/www/html/rze-web/app/webroot/index.php(118): Dispatcher->dispatch(Object(CakeRequest), Object(CakeResponse))
#9 {main}
2015-01-18 12:07:09 Error: [BadRequestException] The request has been black-holed
Request URL: /rze-web/users/login
Stack Trace:
#0 /var/www/html/rze-web/lib/Cake/Controller/Component/SecurityComponent.php(242): SecurityComponent->blackHole(Object(UsersController), 'csrf')
#1 [internal function]: SecurityComponent->startup(Object(UsersController))
#2 /var/www/html/rze-web/lib/Cake/Utility/ObjectCollection.php(128): call_user_func_array(Array, Array)
#3 [internal function]: ObjectCollection->trigger(Object(CakeEvent))
#4 /var/www/html/rze-web/lib/Cake/Event/CakeEventManager.php(243): call_user_func(Array, Object(CakeEvent))
#5 /var/www/html/rze-web/lib/Cake/Controller/Controller.php(677): CakeEventManager->dispatch(Object(CakeEvent))
#6 /var/www/html/rze-web/lib/Cake/Routing/Dispatcher.php(189): Controller->startupProcess()
#7 /var/www/html/rze-web/lib/Cake/Routing/Dispatcher.php(167): Dispatcher->_invoke(Object(UsersController), Object(CakeRequest))
#8 /var/www/html/rze-web/app/webroot/index.php(118): Dispatcher->dispatch(Object(CakeRequest), Object(CakeResponse))
#9 {main}
2015-01-18 12:07:33 Error: [BadRequestException] The request has been black-holed
Request URL: /rze-web/users/login
Stack Trace:
#0 /var/www/html/rze-web/lib/Cake/Controller/Component/SecurityComponent.php(242): SecurityComponent->blackHole(Object(UsersController), 'csrf')
#1 [internal function]: SecurityComponent->startup(Object(UsersController))
#2 /var/www/html/rze-web/lib/Cake/Utility/ObjectCollection.php(128): call_user_func_array(Array, Array)
#3 [internal function]: ObjectCollection->trigger(Object(CakeEvent))
#4 /var/www/html/rze-web/lib/Cake/Event/CakeEventManager.php(243): call_user_func(Array, Object(CakeEvent))
#5 /var/www/html/rze-web/lib/Cake/Controller/Controller.php(677): CakeEventManager->dispatch(Object(CakeEvent))
#6 /var/www/html/rze-web/lib/Cake/Routing/Dispatcher.php(189): Controller->startupProcess()
#7 /var/www/html/rze-web/lib/Cake/Routing/Dispatcher.php(167): Dispatcher->_invoke(Object(UsersController), Object(CakeRequest))
#8 /var/www/html/rze-web/app/webroot/index.php(118): Dispatcher->dispatch(Object(CakeRequest), Object(CakeResponse))
#9 {main}
2015-01-18 12:07:39 Error: [MissingHelperException] Helper class FlashHelper could not be found.
Exception Attributes: array (
  'class' => 'FlashHelper',
  'plugin' => 'Users',
)
Request URL: /rze-web/users/login
Stack Trace:
#0 /var/www/html/rze-web/lib/Cake/View/HelperCollection.php(66): HelperCollection->load('Users.Flash')
#1 /var/www/html/rze-web/lib/Cake/View/View.php(848): HelperCollection->__isset('Flash')
#2 /var/www/html/rze-web/app/Plugin/Users/View/Users/login.ctp(24): View->__get('Flash')
#3 /var/www/html/rze-web/lib/Cake/View/View.php(961): include('/var/www/html/r...')
#4 /var/www/html/rze-web/lib/Cake/View/View.php(923): View->_evaluate('/var/www/html/r...', Array)
#5 /var/www/html/rze-web/lib/Cake/View/View.php(473): View->_render('/var/www/html/r...')
#6 /var/www/html/rze-web/lib/Cake/Controller/Controller.php(959): View->render(NULL, NULL)
#7 /var/www/html/rze-web/lib/Cake/Routing/Dispatcher.php(200): Controller->render()
#8 /var/www/html/rze-web/lib/Cake/Routing/Dispatcher.php(167): Dispatcher->_invoke(Object(UsersController), Object(CakeRequest))
#9 /var/www/html/rze-web/app/webroot/index.php(118): Dispatcher->dispatch(Object(CakeRequest), Object(CakeResponse))
#10 {main}
2015-01-18 12:07:43 Error: [MissingHelperException] Helper class FlashHelper could not be found.
Exception Attributes: array (
  'class' => 'FlashHelper',
  'plugin' => 'Users',
)
Request URL: /rze-web/users/login
Stack Trace:
#0 /var/www/html/rze-web/lib/Cake/View/HelperCollection.php(66): HelperCollection->load('Users.Flash')
#1 /var/www/html/rze-web/lib/Cake/View/View.php(848): HelperCollection->__isset('Flash')
#2 /var/www/html/rze-web/app/Plugin/Users/View/Users/login.ctp(24): View->__get('Flash')
#3 /var/www/html/rze-web/lib/Cake/View/View.php(961): include('/var/www/html/r...')
#4 /var/www/html/rze-web/lib/Cake/View/View.php(923): View->_evaluate('/var/www/html/r...', Array)
#5 /var/www/html/rze-web/lib/Cake/View/View.php(473): View->_render('/var/www/html/r...')
#6 /var/www/html/rze-web/lib/Cake/Controller/Controller.php(959): View->render(NULL, NULL)
#7 /var/www/html/rze-web/lib/Cake/Routing/Dispatcher.php(200): Controller->render()
#8 /var/www/html/rze-web/lib/Cake/Routing/Dispatcher.php(167): Dispatcher->_invoke(Object(UsersController), Object(CakeRequest))
#9 /var/www/html/rze-web/app/webroot/index.php(118): Dispatcher->dispatch(Object(CakeRequest), Object(CakeResponse))
#10 {main}
2015-01-18 12:08:33 Error: [MissingHelperException] Helper class FlashHelper could not be found.
Exception Attributes: array (
  'class' => 'FlashHelper',
  'plugin' => 'Users',
)
Request URL: /rze-web/users/login
Stack Trace:
#0 /var/www/html/rze-web/lib/Cake/View/HelperCollection.php(66): HelperCollection->load('Users.Flash')
#1 /var/www/html/rze-web/lib/Cake/View/View.php(848): HelperCollection->__isset('Flash')
#2 /var/www/html/rze-web/app/Plugin/Users/View/Users/login.ctp(24): View->__get('Flash')
#3 /var/www/html/rze-web/lib/Cake/View/View.php(961): include('/var/www/html/r...')
#4 /var/www/html/rze-web/lib/Cake/View/View.php(923): View->_evaluate('/var/www/html/r...', Array)
#5 /var/www/html/rze-web/lib/Cake/View/View.php(473): View->_render('/var/www/html/r...')
#6 /var/www/html/rze-web/lib/Cake/Controller/Controller.php(959): View->render(NULL, NULL)
#7 /var/www/html/rze-web/lib/Cake/Routing/Dispatcher.php(200): Controller->render()
#8 /var/www/html/rze-web/lib/Cake/Routing/Dispatcher.php(167): Dispatcher->_invoke(Object(UsersController), Object(CakeRequest))
#9 /var/www/html/rze-web/app/webroot/index.php(118): Dispatcher->dispatch(Object(CakeRequest), Object(CakeResponse))
#10 {main}
2015-01-18 12:15:58 Error: Fatal Error (4): syntax error, unexpected '<' in [/var/www/html/rze-web/app/Plugin/Users/View/Users/request_password_change.ctp, line 15]
2015-01-18 12:15:58 Error: [FatalErrorException] syntax error, unexpected '<'
Request URL: /rze-web/users/reset_password
Stack Trace:
#0 /var/www/html/rze-web/lib/Cake/Error/ErrorHandler.php(203): ErrorHandler::handleFatalError(4, 'syntax error, u...', '/var/www/html/r...', 15)
#1 [internal function]: ErrorHandler::handleError(4, 'syntax error, u...', '/var/www/html/r...', 15, Array)
#2 /var/www/html/rze-web/lib/Cake/Core/App.php(931): call_user_func('ErrorHandler::h...', 4, 'syntax error, u...', '/var/www/html/r...', 15, Array)
#3 /var/www/html/rze-web/lib/Cake/Core/App.php(904): App::_checkFatalError()
#4 [internal function]: App::shutdown()
#5 {main}
2015-01-18 12:16:13 Error: Fatal Error (4): syntax error, unexpected '<' in [/var/www/html/rze-web/app/Plugin/Users/View/Users/request_password_change.ctp, line 15]
2015-01-18 12:16:13 Error: [FatalErrorException] syntax error, unexpected '<'
Request URL: /rze-web/users/reset_password
Stack Trace:
#0 /var/www/html/rze-web/lib/Cake/Error/ErrorHandler.php(203): ErrorHandler::handleFatalError(4, 'syntax error, u...', '/var/www/html/r...', 15)
#1 [internal function]: ErrorHandler::handleError(4, 'syntax error, u...', '/var/www/html/r...', 15, Array)
#2 /var/www/html/rze-web/lib/Cake/Core/App.php(931): call_user_func('ErrorHandler::h...', 4, 'syntax error, u...', '/var/www/html/r...', 15, Array)
#3 /var/www/html/rze-web/lib/Cake/Core/App.php(904): App::_checkFatalError()
#4 [internal function]: App::shutdown()
#5 {main}
2015-01-18 12:16:29 Error: Fatal Error (4): syntax error, unexpected '<' in [/var/www/html/rze-web/app/Plugin/Users/View/Users/request_password_change.ctp, line 15]
2015-01-18 12:16:29 Error: [FatalErrorException] syntax error, unexpected '<'
Request URL: /rze-web/users/reset_password
Stack Trace:
#0 /var/www/html/rze-web/lib/Cake/Error/ErrorHandler.php(203): ErrorHandler::handleFatalError(4, 'syntax error, u...', '/var/www/html/r...', 15)
#1 [internal function]: ErrorHandler::handleError(4, 'syntax error, u...', '/var/www/html/r...', 15, Array)
#2 /var/www/html/rze-web/lib/Cake/Core/App.php(931): call_user_func('ErrorHandler::h...', 4, 'syntax error, u...', '/var/www/html/r...', 15, Array)
#3 /var/www/html/rze-web/lib/Cake/Core/App.php(904): App::_checkFatalError()
#4 [internal function]: App::shutdown()
#5 {main}
2015-01-18 12:16:44 Error: Fatal Error (4): syntax error, unexpected '<' in [/var/www/html/rze-web/app/Plugin/Users/View/Users/request_password_change.ctp, line 15]
2015-01-18 12:16:44 Error: [FatalErrorException] syntax error, unexpected '<'
Request URL: /rze-web/users/reset_password
Stack Trace:
#0 /var/www/html/rze-web/lib/Cake/Error/ErrorHandler.php(203): ErrorHandler::handleFatalError(4, 'syntax error, u...', '/var/www/html/r...', 15)
#1 [internal function]: ErrorHandler::handleError(4, 'syntax error, u...', '/var/www/html/r...', 15, Array)
#2 /var/www/html/rze-web/lib/Cake/Core/App.php(931): call_user_func('ErrorHandler::h...', 4, 'syntax error, u...', '/var/www/html/r...', 15, Array)
#3 /var/www/html/rze-web/lib/Cake/Core/App.php(904): App::_checkFatalError()
#4 [internal function]: App::shutdown()
#5 {main}
2015-01-18 12:16:45 Error: Fatal Error (4): syntax error, unexpected '<' in [/var/www/html/rze-web/app/Plugin/Users/View/Users/request_password_change.ctp, line 15]
2015-01-18 12:16:45 Error: [FatalErrorException] syntax error, unexpected '<'
Request URL: /rze-web/users/reset_password
Stack Trace:
#0 /var/www/html/rze-web/lib/Cake/Error/ErrorHandler.php(203): ErrorHandler::handleFatalError(4, 'syntax error, u...', '/var/www/html/r...', 15)
#1 [internal function]: ErrorHandler::handleError(4, 'syntax error, u...', '/var/www/html/r...', 15, Array)
#2 /var/www/html/rze-web/lib/Cake/Core/App.php(931): call_user_func('ErrorHandler::h...', 4, 'syntax error, u...', '/var/www/html/r...', 15, Array)
#3 /var/www/html/rze-web/lib/Cake/Core/App.php(904): App::_checkFatalError()
#4 [internal function]: App::shutdown()
#5 {main}
2015-01-18 12:17:36 Error: Fatal Error (4): syntax error, unexpected ''class'' (T_CONSTANT_ENCAPSED_STRING), expecting ')' in [/var/www/html/rze-web/app/Plugin/Users/View/Users/request_password_change.ctp, line 16]
2015-01-18 12:17:36 Error: [FatalErrorException] syntax error, unexpected ''class'' (T_CONSTANT_ENCAPSED_STRING), expecting ')'
Request URL: /rze-web/users/reset_password
Stack Trace:
#0 /var/www/html/rze-web/lib/Cake/Error/ErrorHandler.php(203): ErrorHandler::handleFatalError(4, 'syntax error, u...', '/var/www/html/r...', 16)
#1 [internal function]: ErrorHandler::handleError(4, 'syntax error, u...', '/var/www/html/r...', 16, Array)
#2 /var/www/html/rze-web/lib/Cake/Core/App.php(931): call_user_func('ErrorHandler::h...', 4, 'syntax error, u...', '/var/www/html/r...', 16, Array)
#3 /var/www/html/rze-web/lib/Cake/Core/App.php(904): App::_checkFatalError()
#4 [internal function]: App::shutdown()
#5 {main}
2015-01-18 12:18:41 Error: Fatal Error (4): syntax error, unexpected '<' in [/var/www/html/rze-web/app/Plugin/Users/View/Users/request_password_change.ctp, line 22]
2015-01-18 12:18:41 Error: [FatalErrorException] syntax error, unexpected '<'
Request URL: /rze-web/users/reset_password
Stack Trace:
#0 /var/www/html/rze-web/lib/Cake/Error/ErrorHandler.php(203): ErrorHandler::handleFatalError(4, 'syntax error, u...', '/var/www/html/r...', 22)
#1 [internal function]: ErrorHandler::handleError(4, 'syntax error, u...', '/var/www/html/r...', 22, Array)
#2 /var/www/html/rze-web/lib/Cake/Core/App.php(931): call_user_func('ErrorHandler::h...', 4, 'syntax error, u...', '/var/www/html/r...', 22, Array)
#3 /var/www/html/rze-web/lib/Cake/Core/App.php(904): App::_checkFatalError()
#4 [internal function]: App::shutdown()
#5 {main}
